<?xml version="1.0" encoding="UTF-8" ?>
<testsuite errors="0" failures="0" hostname="desktop" name="com.navarromugas.test.GpsTest" skipped="0" tests="15" time="0.359" timestamp="2013-11-28T23:17:52">
  <properties>
[...]
</properties>
  <testcase classname="com.navarromugas.test.GpsTest" name="puede_devolver_la_coordenada_al_este_relativa_a_otra" time="0.0" />
  <testcase classname="com.navarromugas.test.GpsTest" name="puede_devolver_la_coordenada_dos_lugares_al_norte_relativa_a_otra" time="0.0" />
  <testcase classname="com.navarromugas.test.GpsTest" name="puede_devolver_la_coordenada_al_norte_relativa_a_otra" time="0.0" />
  <testcase classname="com.navarromugas.test.GpsTest" name="puede_devolver_la_coordenada_al_noroeste_relativa_a_otra" time="0.0" />
  <testcase classname="com.navarromugas.test.GpsTest" name="puede_devolver_la_coordenada_valida_a_un_mundo_toroidal_al_noroeste" time="0.0" />
  <testcase classname="com.navarromugas.test.GpsTest" name="puede_devolver_la_coordenada_al_sureste_relativa_a_otra" time="0.0" />
  <testcase classname="com.navarromugas.test.GpsTest" name="puede_devolver_la_coordenada_valida_a_un_mundo_toroidal_al_noreste" time="0.0" />
  <testcase classname="com.navarromugas.test.GpsTest" name="puede_devolver_la_coordenada_valida_a_un_mundo_toroidal_al_suroeste" time="0.0" />
  <testcase classname="com.navarromugas.test.GpsTest" name="puede_devolver_la_coordenada_valida_a_un_mundo_toroidal_al_sureste" time="0.0" />
  <testcase classname="com.navarromugas.test.GpsTest" name="puede_devolver_la_coordenada_valida_a_un_mundo_toroidal" time="0.0" />
  <testcase classname="com.navarromugas.test.GpsTest" name="puedo_obtener_los_paralelos_y_meridianos_del_gps" time="0.0" />
  <testcase classname="com.navarromugas.test.GpsTest" name="puede_devolver_la_coordenada_al_noreste_relativa_a_otra" time="0.0" />
  <testcase classname="com.navarromugas.test.GpsTest" name="puede_devolver_la_coordenada_al_suroeste_relativa_a_otra" time="0.0" />
  <testcase classname="com.navarromugas.test.GpsTest" name="puede_devolver_la_coordenada_al_oeste_relativa_a_otra" time="0.0" />
  <testcase classname="com.navarromugas.test.GpsTest" name="puede_devolver_la_coordenada_al_sur_relativa_a_otra" time="0.0" />
  <system-out><![CDATA[]]></system-out>
  <system-err><![CDATA[]]></system-err>
</testsuite>
